<?xml version="1.0" encoding="UTF-8"?>
<testsuite xmlns:xsi="http://www.w3.org/2001/XMLSchema-instance" xsi:noNamespaceSchemaLocation="https://maven.apache.org/surefire/maven-surefire-plugin/xsd/surefire-test-report-3.0.xsd" version="3.0" name="com.mycompany.myapp.config.WebConfigurerTest" time="1.161" tests="4" errors="0" skipped="0" failures="0">
  <properties>
    <property name="gopherProxySet" value="false"/>
    <property name="awt.toolkit" value="sun.lwawt.macosx.LWCToolkit"/>
    <property name="java.specification.version" value="11"/>
    <property name="sun.cpu.isalist" value=""/>
    <property name="sun.jnu.encoding" value="UTF-8"/>
    <property name="java.class.path" value="/Users/agustinprieto/Desktop/final-p2/target/test-classes:/Users/agustinprieto/Desktop/final-p2/target/classes:/Users/agustinprieto/.m2/repository/tech/jhipster/jhipster-framework/7.9.3/jhipster-framework-7.9.3.jar:/Users/agustinprieto/.m2/repository/org/springframework/spring-context-support/5.3.22/spring-context-support-5.3.22.jar:/Users/agustinprieto/.m2/repository/org/springframework/spring-beans/5.3.22/spring-beans-5.3.22.jar:/Users/agustinprieto/.m2/repository/org/springframework/spring-context/5.3.22/spring-context-5.3.22.jar:/Users/agustinprieto/.m2/repository/org/springframework/boot/spring-boot-starter-validation/2.7.3/spring-boot-starter-validation-2.7.3.jar:/Users/agustinprieto/.m2/repository/org/springframework/boot/spring-boot-autoconfigure/2.7.3/spring-boot-autoconfigure-2.7.3.jar:/Users/agustinprieto/.m2/repository/org/springframework/boot/spring-boot-starter-aop/2.7.3/spring-boot-starter-aop-2.7.3.jar:/Users/agustinprieto/.m2/repository/org/aspectj/aspectjweaver/1.9.7/aspectjweaver-1.9.7.jar:/Users/agustinprieto/.m2/repository/net/logstash/logback/logstash-logback-encoder/7.2/logstash-logback-encoder-7.2.jar:/Users/agustinprieto/.m2/repository/javax/annotation/javax.annotation-api/1.3.2/javax.annotation-api-1.3.2.jar:/Users/agustinprieto/.m2/repository/org/springframework/boot/spring-boot-starter-cache/2.7.3/spring-boot-starter-cache-2.7.3.jar:/Users/agustinprieto/.m2/repository/org/springframework/boot/spring-boot-starter/2.7.3/spring-boot-starter-2.7.3.jar:/Users/agustinprieto/.m2/repository/jakarta/annotation/jakarta.annotation-api/1.3.5/jakarta.annotation-api-1.3.5.jar:/Users/agustinprieto/.m2/repository/com/fasterxml/jackson/module/jackson-module-jaxb-annotations/2.13.3/jackson-module-jaxb-annotations-2.13.3.jar:/Users/agustinprieto/.m2/repository/com/fasterxml/jackson/core/jackson-annotations/2.13.3/jackson-annotations-2.13.3.jar:/Users/agustinprieto/.m2/repository/com/fasterxml/jackson/core/jackson-core/2.13.3/jackson-core-2.13.3.jar:/Users/agustinprieto/.m2/repository/com/fasterxml/jackson/core/jackson-databind/2.13.3/jackson-databind-2.13.3.jar:/Users/agustinprieto/.m2/repository/jakarta/xml/bind/jakarta.xml.bind-api/2.3.3/jakarta.xml.bind-api-2.3.3.jar:/Users/agustinprieto/.m2/repository/jakarta/activation/jakarta.activation-api/1.2.2/jakarta.activation-api-1.2.2.jar:/Users/agustinprieto/.m2/repository/com/fasterxml/jackson/datatype/jackson-datatype-hibernate5/2.13.3/jackson-datatype-hibernate5-2.13.3.jar:/Users/agustinprieto/.m2/repository/javax/transaction/javax.transaction-api/1.3/javax.transaction-api-1.3.jar:/Users/agustinprieto/.m2/repository/com/fasterxml/jackson/datatype/jackson-datatype-hppc/2.13.3/jackson-datatype-hppc-2.13.3.jar:/Users/agustinprieto/.m2/repository/com/carrotsearch/hppc/0.8.1/hppc-0.8.1.jar:/Users/agustinprieto/.m2/repository/com/fasterxml/jackson/datatype/jackson-datatype-jsr310/2.13.3/jackson-datatype-jsr310-2.13.3.jar:/Users/agustinprieto/.m2/repository/org/springdoc/springdoc-openapi-webmvc-core/1.6.11/springdoc-openapi-webmvc-core-1.6.11.jar:/Users/agustinprieto/.m2/repository/org/springdoc/springdoc-openapi-common/1.6.11/springdoc-openapi-common-1.6.11.jar:/Users/agustinprieto/.m2/repository/io/swagger/core/v3/swagger-core/2.2.2/swagger-core-2.2.2.jar:/Users/agustinprieto/.m2/repository/com/fasterxml/jackson/dataformat/jackson-dataformat-yaml/2.13.3/jackson-dataformat-yaml-2.13.3.jar:/Users/agustinprieto/.m2/repository/io/swagger/core/v3/swagger-annotations/2.2.2/swagger-annotations-2.2.2.jar:/Users/agustinprieto/.m2/repository/io/swagger/core/v3/swagger-models/2.2.2/swagger-models-2.2.2.jar:/Users/agustinprieto/.m2/repository/org/springframework/spring-webmvc/5.3.22/spring-webmvc-5.3.22.jar:/Users/agustinprieto/.m2/repository/org/springframework/spring-expression/5.3.22/spring-expression-5.3.22.jar:/Users/agustinprieto/.m2/repository/com/zaxxer/HikariCP/4.0.3/HikariCP-4.0.3.jar:/Users/agustinprieto/.m2/repository/org/slf4j/slf4j-api/1.7.36/slf4j-api-1.7.36.jar:/Users/agustinprieto/.m2/repository/org/apache/commons/commons-lang3/3.12.0/commons-lang3-3.12.0.jar:/Users/agustinprieto/.m2/repository/javax/cache/cache-api/1.1.1/cache-api-1.1.1.jar:/Users/agustinprieto/.m2/repository/org/ehcache/ehcache/3.10.0/ehcache-3.10.0.jar:/Users/agustinprieto/.m2/repository/org/glassfish/jaxb/jaxb-runtime/2.3.6/jaxb-runtime-2.3.6.jar:/Users/agustinprieto/.m2/repository/org/glassfish/jaxb/txw2/2.3.6/txw2-2.3.6.jar:/Users/agustinprieto/.m2/repository/com/sun/istack/istack-commons-runtime/3.0.12/istack-commons-runtime-3.0.12.jar:/Users/agustinprieto/.m2/repository/com/sun/activation/jakarta.activation/1.2.2/jakarta.activation-1.2.2.jar:/Users/agustinprieto/.m2/repository/org/hibernate/hibernate-jpamodelgen/5.6.10.Final/hibernate-jpamodelgen-5.6.10.Final.jar:/Users/agustinprieto/.m2/repository/org/jboss/logging/jboss-logging/3.4.3.Final/jboss-logging-3.4.3.Final.jar:/Users/agustinprieto/.m2/repository/javax/xml/bind/jaxb-api/2.3.1/jaxb-api-2.3.1.jar:/Users/agustinprieto/.m2/repository/org/hibernate/hibernate-core/5.6.10.Final/hibernate-core-5.6.10.Final.jar:/Users/agustinprieto/.m2/repository/javax/persistence/javax.persistence-api/2.2/javax.persistence-api-2.2.jar:/Users/agustinprieto/.m2/repository/net/bytebuddy/byte-buddy/1.12.13/byte-buddy-1.12.13.jar:/Users/agustinprieto/.m2/repository/antlr/antlr/2.7.7/antlr-2.7.7.jar:/Users/agustinprieto/.m2/repository/org/jboss/spec/javax/transaction/jboss-transaction-api_1.2_spec/1.1.1.Final/jboss-transaction-api_1.2_spec-1.1.1.Final.jar:/Users/agustinprieto/.m2/repository/org/jboss/jandex/2.4.2.Final/jandex-2.4.2.Final.jar:/Users/agustinprieto/.m2/repository/com/fasterxml/classmate/1.5.1/classmate-1.5.1.jar:/Users/agustinprieto/.m2/repository/javax/activation/javax.activation-api/1.2.0/javax.activation-api-1.2.0.jar:/Users/agustinprieto/.m2/repository/org/hibernate/common/hibernate-commons-annotations/5.1.2.Final/hibernate-commons-annotations-5.1.2.Final.jar:/Users/agustinprieto/.m2/repository/org/hibernate/validator/hibernate-validator/6.2.4.Final/hibernate-validator-6.2.4.Final.jar:/Users/agustinprieto/.m2/repository/jakarta/validation/jakarta.validation-api/2.0.2/jakarta.validation-api-2.0.2.jar:/Users/agustinprieto/.m2/repository/org/liquibase/liquibase-core/4.15.0/liquibase-core-4.15.0.jar:/Users/agustinprieto/.m2/repository/org/yaml/snakeyaml/1.30/snakeyaml-1.30.jar:/Users/agustinprieto/.m2/repository/com/opencsv/opencsv/5.6/opencsv-5.6.jar:/Users/agustinprieto/.m2/repository/org/apache/commons/commons-text/1.9/commons-text-1.9.jar:/Users/agustinprieto/.m2/repository/org/apache/commons/commons-collections4/4.4/commons-collections4-4.4.jar:/Users/agustinprieto/.m2/repository/org/mapstruct/mapstruct/1.5.2.Final/mapstruct-1.5.2.Final.jar:/Users/agustinprieto/.m2/repository/org/mapstruct/mapstruct-processor/1.5.2.Final/mapstruct-processor-1.5.2.Final.jar:/Users/agustinprieto/.m2/repository/org/springframework/boot/spring-boot-configuration-processor/2.7.3/spring-boot-configuration-processor-2.7.3.jar:/Users/agustinprieto/.m2/repository/org/springframework/boot/spring-boot-loader-tools/2.7.3/spring-boot-loader-tools-2.7.3.jar:/Users/agustinprieto/.m2/repository/org/apache/commons/commons-compress/1.21/commons-compress-1.21.jar:/Users/agustinprieto/.m2/repository/org/springframework/spring-core/5.3.22/spring-core-5.3.22.jar:/Users/agustinprieto/.m2/repository/org/springframework/spring-jcl/5.3.22/spring-jcl-5.3.22.jar:/Users/agustinprieto/.m2/repository/org/springframework/boot/spring-boot-starter-actuator/2.7.3/spring-boot-starter-actuator-2.7.3.jar:/Users/agustinprieto/.m2/repository/org/springframework/boot/spring-boot-actuator-autoconfigure/2.7.3/spring-boot-actuator-autoconfigure-2.7.3.jar:/Users/agustinprieto/.m2/repository/org/springframework/boot/spring-boot-actuator/2.7.3/spring-boot-actuator-2.7.3.jar:/Users/agustinprieto/.m2/repository/io/micrometer/micrometer-core/1.9.3/micrometer-core-1.9.3.jar:/Users/agustinprieto/.m2/repository/org/hdrhistogram/HdrHistogram/2.1.12/HdrHistogram-2.1.12.jar:/Users/agustinprieto/.m2/repository/org/latencyutils/LatencyUtils/2.0.3/LatencyUtils-2.0.3.jar:/Users/agustinprieto/.m2/repository/org/springframework/boot/spring-boot-starter-data-jpa/2.7.3/spring-boot-starter-data-jpa-2.7.3.jar:/Users/agustinprieto/.m2/repository/org/springframework/boot/spring-boot-starter-jdbc/2.7.3/spring-boot-starter-jdbc-2.7.3.jar:/Users/agustinprieto/.m2/repository/org/springframework/spring-jdbc/5.3.22/spring-jdbc-5.3.22.jar:/Users/agustinprieto/.m2/repository/jakarta/transaction/jakarta.transaction-api/1.3.3/jakarta.transaction-api-1.3.3.jar:/Users/agustinprieto/.m2/repository/jakarta/persistence/jakarta.persistence-api/2.2.3/jakarta.persistence-api-2.2.3.jar:/Users/agustinprieto/.m2/repository/org/springframework/data/spring-data-jpa/2.7.2/spring-data-jpa-2.7.2.jar:/Users/agustinprieto/.m2/repository/org/springframework/spring-orm/5.3.22/spring-orm-5.3.22.jar:/Users/agustinprieto/.m2/repository/org/springframework/spring-tx/5.3.22/spring-tx-5.3.22.jar:/Users/agustinprieto/.m2/repository/org/springframework/spring-aspects/5.3.22/spring-aspects-5.3.22.jar:/Users/agustinprieto/.m2/repository/org/testcontainers/jdbc/1.17.3/jdbc-1.17.3.jar:/Users/agustinprieto/.m2/repository/org/testcontainers/database-commons/1.17.3/database-commons-1.17.3.jar:/Users/agustinprieto/.m2/repository/org/testcontainers/testcontainers/1.17.3/testcontainers-1.17.3.jar:/Users/agustinprieto/.m2/repository/junit/junit/4.13.2/junit-4.13.2.jar:/Users/agustinprieto/.m2/repository/org/hamcrest/hamcrest-core/2.2/hamcrest-core-2.2.jar:/Users/agustinprieto/.m2/repository/org/rnorth/duct-tape/duct-tape/1.0.8/duct-tape-1.0.8.jar:/Users/agustinprieto/.m2/repository/org/jetbrains/annotations/17.0.0/annotations-17.0.0.jar:/Users/agustinprieto/.m2/repository/com/github/docker-java/docker-java-api/3.2.13/docker-java-api-3.2.13.jar:/Users/agustinprieto/.m2/repository/com/github/docker-java/docker-java-transport-zerodep/3.2.13/docker-java-transport-zerodep-3.2.13.jar:/Users/agustinprieto/.m2/repository/com/github/docker-java/docker-java-transport/3.2.13/docker-java-transport-3.2.13.jar:/Users/agustinprieto/.m2/repository/net/java/dev/jna/jna/5.8.0/jna-5.8.0.jar:/Users/agustinprieto/.m2/repository/org/springframework/boot/spring-boot-starter-logging/2.7.3/spring-boot-starter-logging-2.7.3.jar:/Users/agustinprieto/.m2/repository/ch/qos/logback/logback-classic/1.2.11/logback-classic-1.2.11.jar:/Users/agustinprieto/.m2/repository/ch/qos/logback/logback-core/1.2.11/logback-core-1.2.11.jar:/Users/agustinprieto/.m2/repository/org/apache/logging/log4j/log4j-to-slf4j/2.17.2/log4j-to-slf4j-2.17.2.jar:/Users/agustinprieto/.m2/repository/org/apache/logging/log4j/log4j-api/2.17.2/log4j-api-2.17.2.jar:/Users/agustinprieto/.m2/repository/org/slf4j/jul-to-slf4j/1.7.36/jul-to-slf4j-1.7.36.jar:/Users/agustinprieto/.m2/repository/org/springframework/boot/spring-boot-starter-mail/2.7.3/spring-boot-starter-mail-2.7.3.jar:/Users/agustinprieto/.m2/repository/com/sun/mail/jakarta.mail/1.6.7/jakarta.mail-1.6.7.jar:/Users/agustinprieto/.m2/repository/org/springframework/boot/spring-boot-starter-security/2.7.3/spring-boot-starter-security-2.7.3.jar:/Users/agustinprieto/.m2/repository/org/springframework/spring-aop/5.3.22/spring-aop-5.3.22.jar:/Users/agustinprieto/.m2/repository/org/springframework/security/spring-security-config/5.7.3/spring-security-config-5.7.3.jar:/Users/agustinprieto/.m2/repository/org/springframework/security/spring-security-web/5.7.3/spring-security-web-5.7.3.jar:/Users/agustinprieto/.m2/repository/org/springframework/boot/spring-boot-starter-thymeleaf/2.7.3/spring-boot-starter-thymeleaf-2.7.3.jar:/Users/agustinprieto/.m2/repository/org/thymeleaf/thymeleaf-spring5/3.0.15.RELEASE/thymeleaf-spring5-3.0.15.RELEASE.jar:/Users/agustinprieto/.m2/repository/org/thymeleaf/thymeleaf/3.0.15.RELEASE/thymeleaf-3.0.15.RELEASE.jar:/Users/agustinprieto/.m2/repository/org/attoparser/attoparser/2.0.5.RELEASE/attoparser-2.0.5.RELEASE.jar:/Users/agustinprieto/.m2/repository/org/unbescape/unbescape/1.1.6.RELEASE/unbescape-1.1.6.RELEASE.jar:/Users/agustinprieto/.m2/repository/org/thymeleaf/extras/thymeleaf-extras-java8time/3.0.4.RELEASE/thymeleaf-extras-java8time-3.0.4.RELEASE.jar:/Users/agustinprieto/.m2/repository/org/springframework/boot/spring-boot-starter-web/2.7.3/spring-boot-starter-web-2.7.3.jar:/Users/agustinprieto/.m2/repository/org/springframework/boot/spring-boot-starter-json/2.7.3/spring-boot-starter-json-2.7.3.jar:/Users/agustinprieto/.m2/repository/com/fasterxml/jackson/datatype/jackson-datatype-jdk8/2.13.3/jackson-datatype-jdk8-2.13.3.jar:/Users/agustinprieto/.m2/repository/com/fasterxml/jackson/module/jackson-module-parameter-names/2.13.3/jackson-module-parameter-names-2.13.3.jar:/Users/agustinprieto/.m2/repository/org/springframework/spring-web/5.3.22/spring-web-5.3.22.jar:/Users/agustinprieto/.m2/repository/org/springframework/boot/spring-boot-starter-test/2.7.3/spring-boot-starter-test-2.7.3.jar:/Users/agustinprieto/.m2/repository/org/springframework/boot/spring-boot-test-autoconfigure/2.7.3/spring-boot-test-autoconfigure-2.7.3.jar:/Users/agustinprieto/.m2/repository/com/jayway/jsonpath/json-path/2.7.0/json-path-2.7.0.jar:/Users/agustinprieto/.m2/repository/net/minidev/json-smart/2.4.8/json-smart-2.4.8.jar:/Users/agustinprieto/.m2/repository/net/minidev/accessors-smart/2.4.8/accessors-smart-2.4.8.jar:/Users/agustinprieto/.m2/repository/org/ow2/asm/asm/9.1/asm-9.1.jar:/Users/agustinprieto/.m2/repository/org/assertj/assertj-core/3.22.0/assertj-core-3.22.0.jar:/Users/agustinprieto/.m2/repository/org/hamcrest/hamcrest/2.2/hamcrest-2.2.jar:/Users/agustinprieto/.m2/repository/org/junit/jupiter/junit-jupiter/5.8.2/junit-jupiter-5.8.2.jar:/Users/agustinprieto/.m2/repository/org/junit/jupiter/junit-jupiter-api/5.8.2/junit-jupiter-api-5.8.2.jar:/Users/agustinprieto/.m2/repository/org/opentest4j/opentest4j/1.2.0/opentest4j-1.2.0.jar:/Users/agustinprieto/.m2/repository/org/junit/platform/junit-platform-commons/1.8.2/junit-platform-commons-1.8.2.jar:/Users/agustinprieto/.m2/repository/org/junit/jupiter/junit-jupiter-params/5.8.2/junit-jupiter-params-5.8.2.jar:/Users/agustinprieto/.m2/repository/org/junit/jupiter/junit-jupiter-engine/5.8.2/junit-jupiter-engine-5.8.2.jar:/Users/agustinprieto/.m2/repository/org/mockito/mockito-core/4.5.1/mockito-core-4.5.1.jar:/Users/agustinprieto/.m2/repository/net/bytebuddy/byte-buddy-agent/1.12.13/byte-buddy-agent-1.12.13.jar:/Users/agustinprieto/.m2/repository/org/objenesis/objenesis/3.2/objenesis-3.2.jar:/Users/agustinprieto/.m2/repository/org/mockito/mockito-junit-jupiter/4.5.1/mockito-junit-jupiter-4.5.1.jar:/Users/agustinprieto/.m2/repository/org/skyscreamer/jsonassert/1.5.1/jsonassert-1.5.1.jar:/Users/agustinprieto/.m2/repository/org/springframework/spring-test/5.3.22/spring-test-5.3.22.jar:/Users/agustinprieto/.m2/repository/org/xmlunit/xmlunit-core/2.9.0/xmlunit-core-2.9.0.jar:/Users/agustinprieto/.m2/repository/org/springframework/boot/spring-boot-test/2.7.3/spring-boot-test-2.7.3.jar:/Users/agustinprieto/.m2/repository/org/springframework/boot/spring-boot/2.7.3/spring-boot-2.7.3.jar:/Users/agustinprieto/.m2/repository/org/springframework/security/spring-security-test/5.7.3/spring-security-test-5.7.3.jar:/Users/agustinprieto/.m2/repository/org/springframework/security/spring-security-core/5.7.3/spring-security-core-5.7.3.jar:/Users/agustinprieto/.m2/repository/org/springframework/security/spring-security-crypto/5.7.3/spring-security-crypto-5.7.3.jar:/Users/agustinprieto/.m2/repository/com/tngtech/archunit/archunit-junit5-api/0.22.0/archunit-junit5-api-0.22.0.jar:/Users/agustinprieto/.m2/repository/com/tngtech/archunit/archunit/0.22.0/archunit-0.22.0.jar:/Users/agustinprieto/.m2/repository/com/tngtech/archunit/archunit-junit5-engine/0.22.0/archunit-junit5-engine-0.22.0.jar:/Users/agustinprieto/.m2/repository/com/tngtech/archunit/archunit-junit5-engine-api/0.22.0/archunit-junit5-engine-api-0.22.0.jar:/Users/agustinprieto/.m2/repository/org/junit/platform/junit-platform-engine/1.8.2/junit-platform-engine-1.8.2.jar:/Users/agustinprieto/.m2/repository/org/zalando/problem-spring-web/0.27.0/problem-spring-web-0.27.0.jar:/Users/agustinprieto/.m2/repository/org/zalando/problem-violations/0.27.0/problem-violations-0.27.0.jar:/Users/agustinprieto/.m2/repository/org/zalando/problem-spring-common/0.27.0/problem-spring-common-0.27.0.jar:/Users/agustinprieto/.m2/repository/org/apiguardian/apiguardian-api/1.1.2/apiguardian-api-1.1.2.jar:/Users/agustinprieto/.m2/repository/com/google/code/findbugs/jsr305/3.0.2/jsr305-3.0.2.jar:/Users/agustinprieto/.m2/repository/org/zalando/problem/0.26.0/problem-0.26.0.jar:/Users/agustinprieto/.m2/repository/org/zalando/jackson-datatype-problem/0.26.0/jackson-datatype-problem-0.26.0.jar:/Users/agustinprieto/.m2/repository/org/zalando/faux-pas/0.9.0/faux-pas-0.9.0.jar:/Users/agustinprieto/.m2/repository/javax/validation/validation-api/2.0.1.Final/validation-api-2.0.1.Final.jar:/Users/agustinprieto/.m2/repository/org/springframework/boot/spring-boot-starter-undertow/2.7.3/spring-boot-starter-undertow-2.7.3.jar:/Users/agustinprieto/.m2/repository/io/undertow/undertow-core/2.2.19.Final/undertow-core-2.2.19.Final.jar:/Users/agustinprieto/.m2/repository/org/jboss/xnio/xnio-api/3.8.7.Final/xnio-api-3.8.7.Final.jar:/Users/agustinprieto/.m2/repository/org/wildfly/common/wildfly-common/1.5.4.Final/wildfly-common-1.5.4.Final.jar:/Users/agustinprieto/.m2/repository/org/wildfly/client/wildfly-client-config/1.0.1.Final/wildfly-client-config-1.0.1.Final.jar:/Users/agustinprieto/.m2/repository/org/jboss/xnio/xnio-nio/3.8.7.Final/xnio-nio-3.8.7.Final.jar:/Users/agustinprieto/.m2/repository/org/jboss/threads/jboss-threads/3.1.0.Final/jboss-threads-3.1.0.Final.jar:/Users/agustinprieto/.m2/repository/io/undertow/undertow-servlet/2.2.19.Final/undertow-servlet-2.2.19.Final.jar:/Users/agustinprieto/.m2/repository/io/undertow/undertow-websockets-jsr/2.2.19.Final/undertow-websockets-jsr-2.2.19.Final.jar:/Users/agustinprieto/.m2/repository/jakarta/servlet/jakarta.servlet-api/4.0.4/jakarta.servlet-api-4.0.4.jar:/Users/agustinprieto/.m2/repository/jakarta/websocket/jakarta.websocket-api/1.1.2/jakarta.websocket-api-1.1.2.jar:/Users/agustinprieto/.m2/repository/org/apache/tomcat/embed/tomcat-embed-el/9.0.65/tomcat-embed-el-9.0.65.jar:/Users/agustinprieto/.m2/repository/io/jsonwebtoken/jjwt-api/0.11.5/jjwt-api-0.11.5.jar:/Users/agustinprieto/.m2/repository/io/jsonwebtoken/jjwt-impl/0.11.5/jjwt-impl-0.11.5.jar:/Users/agustinprieto/.m2/repository/io/jsonwebtoken/jjwt-jackson/0.11.5/jjwt-jackson-0.11.5.jar:/Users/agustinprieto/.m2/repository/org/springframework/security/spring-security-data/5.7.3/spring-security-data-5.7.3.jar:/Users/agustinprieto/.m2/repository/org/springframework/data/spring-data-commons/2.7.2/spring-data-commons-2.7.2.jar:/Users/agustinprieto/.m2/repository/io/micrometer/micrometer-registry-prometheus/1.9.3/micrometer-registry-prometheus-1.9.3.jar:/Users/agustinprieto/.m2/repository/io/prometheus/simpleclient_common/0.15.0/simpleclient_common-0.15.0.jar:/Users/agustinprieto/.m2/repository/io/prometheus/simpleclient/0.15.0/simpleclient-0.15.0.jar:/Users/agustinprieto/.m2/repository/io/prometheus/simpleclient_tracer_otel/0.15.0/simpleclient_tracer_otel-0.15.0.jar:/Users/agustinprieto/.m2/repository/io/prometheus/simpleclient_tracer_common/0.15.0/simpleclient_tracer_common-0.15.0.jar:/Users/agustinprieto/.m2/repository/io/prometheus/simpleclient_tracer_otel_agent/0.15.0/simpleclient_tracer_otel_agent-0.15.0.jar:/Users/agustinprieto/.m2/repository/io/dropwizard/metrics/metrics-core/4.2.11/metrics-core-4.2.11.jar:/Users/agustinprieto/.m2/repository/org/springframework/boot/spring-boot-devtools/2.7.3/spring-boot-devtools-2.7.3.jar:/Users/agustinprieto/.m2/repository/com/h2database/h2/2.1.214/h2-2.1.214.jar:"/>
    <property name="java.vm.vendor" value="Homebrew"/>
    <property name="sun.arch.data.model" value="64"/>
    <property name="java.vendor.url" value="https://github.com/Homebrew/homebrew-core/issues"/>
    <property name="user.timezone" value="America/Argentina/Mendoza"/>
    <property name="java.vm.specification.version" value="11"/>
    <property name="os.name" value="Mac OS X"/>
    <property name="sun.java.launcher" value="SUN_STANDARD"/>
    <property name="user.country" value="AR"/>
    <property name="sun.boot.library.path" value="/opt/homebrew/Cellar/openjdk@11/11.0.19/libexec/openjdk.jdk/Contents/Home/lib"/>
    <property name="sun.java.command" value="/Users/agustinprieto/Desktop/final-p2/target/surefire/surefirebooter-20231211005547991_3.jar /Users/agustinprieto/Desktop/final-p2/target/surefire 2023-12-11T00-55-46_402-jvmRun1 surefire-20231211005547991_1tmp surefire_0-20231211005547991_2tmp"/>
    <property name="http.nonProxyHosts" value="local|*.local|169.254/16|*.169.254/16"/>
    <property name="jdk.debug" value="release"/>
    <property name="surefire.test.class.path" value="/Users/agustinprieto/Desktop/final-p2/target/test-classes:/Users/agustinprieto/Desktop/final-p2/target/classes:/Users/agustinprieto/.m2/repository/tech/jhipster/jhipster-framework/7.9.3/jhipster-framework-7.9.3.jar:/Users/agustinprieto/.m2/repository/org/springframework/spring-context-support/5.3.22/spring-context-support-5.3.22.jar:/Users/agustinprieto/.m2/repository/org/springframework/spring-beans/5.3.22/spring-beans-5.3.22.jar:/Users/agustinprieto/.m2/repository/org/springframework/spring-context/5.3.22/spring-context-5.3.22.jar:/Users/agustinprieto/.m2/repository/org/springframework/boot/spring-boot-starter-validation/2.7.3/spring-boot-starter-validation-2.7.3.jar:/Users/agustinprieto/.m2/repository/org/springframework/boot/spring-boot-autoconfigure/2.7.3/spring-boot-autoconfigure-2.7.3.jar:/Users/agustinprieto/.m2/repository/org/springframework/boot/spring-boot-starter-aop/2.7.3/spring-boot-starter-aop-2.7.3.jar:/Users/agustinprieto/.m2/repository/org/aspectj/aspectjweaver/1.9.7/aspectjweaver-1.9.7.jar:/Users/agustinprieto/.m2/repository/net/logstash/logback/logstash-logback-encoder/7.2/logstash-logback-encoder-7.2.jar:/Users/agustinprieto/.m2/repository/javax/annotation/javax.annotation-api/1.3.2/javax.annotation-api-1.3.2.jar:/Users/agustinprieto/.m2/repository/org/springframework/boot/spring-boot-starter-cache/2.7.3/spring-boot-starter-cache-2.7.3.jar:/Users/agustinprieto/.m2/repository/org/springframework/boot/spring-boot-starter/2.7.3/spring-boot-starter-2.7.3.jar:/Users/agustinprieto/.m2/repository/jakarta/annotation/jakarta.annotation-api/1.3.5/jakarta.annotation-api-1.3.5.jar:/Users/agustinprieto/.m2/repository/com/fasterxml/jackson/module/jackson-module-jaxb-annotations/2.13.3/jackson-module-jaxb-annotations-2.13.3.jar:/Users/agustinprieto/.m2/repository/com/fasterxml/jackson/core/jackson-annotations/2.13.3/jackson-annotations-2.13.3.jar:/Users/agustinprieto/.m2/repository/com/fasterxml/jackson/core/jackson-core/2.13.3/jackson-core-2.13.3.jar:/Users/agustinprieto/.m2/repository/com/fasterxml/jackson/core/jackson-databind/2.13.3/jackson-databind-2.13.3.jar:/Users/agustinprieto/.m2/repository/jakarta/xml/bind/jakarta.xml.bind-api/2.3.3/jakarta.xml.bind-api-2.3.3.jar:/Users/agustinprieto/.m2/repository/jakarta/activation/jakarta.activation-api/1.2.2/jakarta.activation-api-1.2.2.jar:/Users/agustinprieto/.m2/repository/com/fasterxml/jackson/datatype/jackson-datatype-hibernate5/2.13.3/jackson-datatype-hibernate5-2.13.3.jar:/Users/agustinprieto/.m2/repository/javax/transaction/javax.transaction-api/1.3/javax.transaction-api-1.3.jar:/Users/agustinprieto/.m2/repository/com/fasterxml/jackson/datatype/jackson-datatype-hppc/2.13.3/jackson-datatype-hppc-2.13.3.jar:/Users/agustinprieto/.m2/repository/com/carrotsearch/hppc/0.8.1/hppc-0.8.1.jar:/Users/agustinprieto/.m2/repository/com/fasterxml/jackson/datatype/jackson-datatype-jsr310/2.13.3/jackson-datatype-jsr310-2.13.3.jar:/Users/agustinprieto/.m2/repository/org/springdoc/springdoc-openapi-webmvc-core/1.6.11/springdoc-openapi-webmvc-core-1.6.11.jar:/Users/agustinprieto/.m2/repository/org/springdoc/springdoc-openapi-common/1.6.11/springdoc-openapi-common-1.6.11.jar:/Users/agustinprieto/.m2/repository/io/swagger/core/v3/swagger-core/2.2.2/swagger-core-2.2.2.jar:/Users/agustinprieto/.m2/repository/com/fasterxml/jackson/dataformat/jackson-dataformat-yaml/2.13.3/jackson-dataformat-yaml-2.13.3.jar:/Users/agustinprieto/.m2/repository/io/swagger/core/v3/swagger-annotations/2.2.2/swagger-annotations-2.2.2.jar:/Users/agustinprieto/.m2/repository/io/swagger/core/v3/swagger-models/2.2.2/swagger-models-2.2.2.jar:/Users/agustinprieto/.m2/repository/org/springframework/spring-webmvc/5.3.22/spring-webmvc-5.3.22.jar:/Users/agustinprieto/.m2/repository/org/springframework/spring-expression/5.3.22/spring-expression-5.3.22.jar:/Users/agustinprieto/.m2/repository/com/zaxxer/HikariCP/4.0.3/HikariCP-4.0.3.jar:/Users/agustinprieto/.m2/repository/org/slf4j/slf4j-api/1.7.36/slf4j-api-1.7.36.jar:/Users/agustinprieto/.m2/repository/org/apache/commons/commons-lang3/3.12.0/commons-lang3-3.12.0.jar:/Users/agustinprieto/.m2/repository/javax/cache/cache-api/1.1.1/cache-api-1.1.1.jar:/Users/agustinprieto/.m2/repository/org/ehcache/ehcache/3.10.0/ehcache-3.10.0.jar:/Users/agustinprieto/.m2/repository/org/glassfish/jaxb/jaxb-runtime/2.3.6/jaxb-runtime-2.3.6.jar:/Users/agustinprieto/.m2/repository/org/glassfish/jaxb/txw2/2.3.6/txw2-2.3.6.jar:/Users/agustinprieto/.m2/repository/com/sun/istack/istack-commons-runtime/3.0.12/istack-commons-runtime-3.0.12.jar:/Users/agustinprieto/.m2/repository/com/sun/activation/jakarta.activation/1.2.2/jakarta.activation-1.2.2.jar:/Users/agustinprieto/.m2/repository/org/hibernate/hibernate-jpamodelgen/5.6.10.Final/hibernate-jpamodelgen-5.6.10.Final.jar:/Users/agustinprieto/.m2/repository/org/jboss/logging/jboss-logging/3.4.3.Final/jboss-logging-3.4.3.Final.jar:/Users/agustinprieto/.m2/repository/javax/xml/bind/jaxb-api/2.3.1/jaxb-api-2.3.1.jar:/Users/agustinprieto/.m2/repository/org/hibernate/hibernate-core/5.6.10.Final/hibernate-core-5.6.10.Final.jar:/Users/agustinprieto/.m2/repository/javax/persistence/javax.persistence-api/2.2/javax.persistence-api-2.2.jar:/Users/agustinprieto/.m2/repository/net/bytebuddy/byte-buddy/1.12.13/byte-buddy-1.12.13.jar:/Users/agustinprieto/.m2/repository/antlr/antlr/2.7.7/antlr-2.7.7.jar:/Users/agustinprieto/.m2/repository/org/jboss/spec/javax/transaction/jboss-transaction-api_1.2_spec/1.1.1.Final/jboss-transaction-api_1.2_spec-1.1.1.Final.jar:/Users/agustinprieto/.m2/repository/org/jboss/jandex/2.4.2.Final/jandex-2.4.2.Final.jar:/Users/agustinprieto/.m2/repository/com/fasterxml/classmate/1.5.1/classmate-1.5.1.jar:/Users/agustinprieto/.m2/repository/javax/activation/javax.activation-api/1.2.0/javax.activation-api-1.2.0.jar:/Users/agustinprieto/.m2/repository/org/hibernate/common/hibernate-commons-annotations/5.1.2.Final/hibernate-commons-annotations-5.1.2.Final.jar:/Users/agustinprieto/.m2/repository/org/hibernate/validator/hibernate-validator/6.2.4.Final/hibernate-validator-6.2.4.Final.jar:/Users/agustinprieto/.m2/repository/jakarta/validation/jakarta.validation-api/2.0.2/jakarta.validation-api-2.0.2.jar:/Users/agustinprieto/.m2/repository/org/liquibase/liquibase-core/4.15.0/liquibase-core-4.15.0.jar:/Users/agustinprieto/.m2/repository/org/yaml/snakeyaml/1.30/snakeyaml-1.30.jar:/Users/agustinprieto/.m2/repository/com/opencsv/opencsv/5.6/opencsv-5.6.jar:/Users/agustinprieto/.m2/repository/org/apache/commons/commons-text/1.9/commons-text-1.9.jar:/Users/agustinprieto/.m2/repository/org/apache/commons/commons-collections4/4.4/commons-collections4-4.4.jar:/Users/agustinprieto/.m2/repository/org/mapstruct/mapstruct/1.5.2.Final/mapstruct-1.5.2.Final.jar:/Users/agustinprieto/.m2/repository/org/mapstruct/mapstruct-processor/1.5.2.Final/mapstruct-processor-1.5.2.Final.jar:/Users/agustinprieto/.m2/repository/org/springframework/boot/spring-boot-configuration-processor/2.7.3/spring-boot-configuration-processor-2.7.3.jar:/Users/agustinprieto/.m2/repository/org/springframework/boot/spring-boot-loader-tools/2.7.3/spring-boot-loader-tools-2.7.3.jar:/Users/agustinprieto/.m2/repository/org/apache/commons/commons-compress/1.21/commons-compress-1.21.jar:/Users/agustinprieto/.m2/repository/org/springframework/spring-core/5.3.22/spring-core-5.3.22.jar:/Users/agustinprieto/.m2/repository/org/springframework/spring-jcl/5.3.22/spring-jcl-5.3.22.jar:/Users/agustinprieto/.m2/repository/org/springframework/boot/spring-boot-starter-actuator/2.7.3/spring-boot-starter-actuator-2.7.3.jar:/Users/agustinprieto/.m2/repository/org/springframework/boot/spring-boot-actuator-autoconfigure/2.7.3/spring-boot-actuator-autoconfigure-2.7.3.jar:/Users/agustinprieto/.m2/repository/org/springframework/boot/spring-boot-actuator/2.7.3/spring-boot-actuator-2.7.3.jar:/Users/agustinprieto/.m2/repository/io/micrometer/micrometer-core/1.9.3/micrometer-core-1.9.3.jar:/Users/agustinprieto/.m2/repository/org/hdrhistogram/HdrHistogram/2.1.12/HdrHistogram-2.1.12.jar:/Users/agustinprieto/.m2/repository/org/latencyutils/LatencyUtils/2.0.3/LatencyUtils-2.0.3.jar:/Users/agustinprieto/.m2/repository/org/springframework/boot/spring-boot-starter-data-jpa/2.7.3/spring-boot-starter-data-jpa-2.7.3.jar:/Users/agustinprieto/.m2/repository/org/springframework/boot/spring-boot-starter-jdbc/2.7.3/spring-boot-starter-jdbc-2.7.3.jar:/Users/agustinprieto/.m2/repository/org/springframework/spring-jdbc/5.3.22/spring-jdbc-5.3.22.jar:/Users/agustinprieto/.m2/repository/jakarta/transaction/jakarta.transaction-api/1.3.3/jakarta.transaction-api-1.3.3.jar:/Users/agustinprieto/.m2/repository/jakarta/persistence/jakarta.persistence-api/2.2.3/jakarta.persistence-api-2.2.3.jar:/Users/agustinprieto/.m2/repository/org/springframework/data/spring-data-jpa/2.7.2/spring-data-jpa-2.7.2.jar:/Users/agustinprieto/.m2/repository/org/springframework/spring-orm/5.3.22/spring-orm-5.3.22.jar:/Users/agustinprieto/.m2/repository/org/springframework/spring-tx/5.3.22/spring-tx-5.3.22.jar:/Users/agustinprieto/.m2/repository/org/springframework/spring-aspects/5.3.22/spring-aspects-5.3.22.jar:/Users/agustinprieto/.m2/repository/org/testcontainers/jdbc/1.17.3/jdbc-1.17.3.jar:/Users/agustinprieto/.m2/repository/org/testcontainers/database-commons/1.17.3/database-commons-1.17.3.jar:/Users/agustinprieto/.m2/repository/org/testcontainers/testcontainers/1.17.3/testcontainers-1.17.3.jar:/Users/agustinprieto/.m2/repository/junit/junit/4.13.2/junit-4.13.2.jar:/Users/agustinprieto/.m2/repository/org/hamcrest/hamcrest-core/2.2/hamcrest-core-2.2.jar:/Users/agustinprieto/.m2/repository/org/rnorth/duct-tape/duct-tape/1.0.8/duct-tape-1.0.8.jar:/Users/agustinprieto/.m2/repository/org/jetbrains/annotations/17.0.0/annotations-17.0.0.jar:/Users/agustinprieto/.m2/repository/com/github/docker-java/docker-java-api/3.2.13/docker-java-api-3.2.13.jar:/Users/agustinprieto/.m2/repository/com/github/docker-java/docker-java-transport-zerodep/3.2.13/docker-java-transport-zerodep-3.2.13.jar:/Users/agustinprieto/.m2/repository/com/github/docker-java/docker-java-transport/3.2.13/docker-java-transport-3.2.13.jar:/Users/agustinprieto/.m2/repository/net/java/dev/jna/jna/5.8.0/jna-5.8.0.jar:/Users/agustinprieto/.m2/repository/org/springframework/boot/spring-boot-starter-logging/2.7.3/spring-boot-starter-logging-2.7.3.jar:/Users/agustinprieto/.m2/repository/ch/qos/logback/logback-classic/1.2.11/logback-classic-1.2.11.jar:/Users/agustinprieto/.m2/repository/ch/qos/logback/logback-core/1.2.11/logback-core-1.2.11.jar:/Users/agustinprieto/.m2/repository/org/apache/logging/log4j/log4j-to-slf4j/2.17.2/log4j-to-slf4j-2.17.2.jar:/Users/agustinprieto/.m2/repository/org/apache/logging/log4j/log4j-api/2.17.2/log4j-api-2.17.2.jar:/Users/agustinprieto/.m2/repository/org/slf4j/jul-to-slf4j/1.7.36/jul-to-slf4j-1.7.36.jar:/Users/agustinprieto/.m2/repository/org/springframework/boot/spring-boot-starter-mail/2.7.3/spring-boot-starter-mail-2.7.3.jar:/Users/agustinprieto/.m2/repository/com/sun/mail/jakarta.mail/1.6.7/jakarta.mail-1.6.7.jar:/Users/agustinprieto/.m2/repository/org/springframework/boot/spring-boot-starter-security/2.7.3/spring-boot-starter-security-2.7.3.jar:/Users/agustinprieto/.m2/repository/org/springframework/spring-aop/5.3.22/spring-aop-5.3.22.jar:/Users/agustinprieto/.m2/repository/org/springframework/security/spring-security-config/5.7.3/spring-security-config-5.7.3.jar:/Users/agustinprieto/.m2/repository/org/springframework/security/spring-security-web/5.7.3/spring-security-web-5.7.3.jar:/Users/agustinprieto/.m2/repository/org/springframework/boot/spring-boot-starter-thymeleaf/2.7.3/spring-boot-starter-thymeleaf-2.7.3.jar:/Users/agustinprieto/.m2/repository/org/thymeleaf/thymeleaf-spring5/3.0.15.RELEASE/thymeleaf-spring5-3.0.15.RELEASE.jar:/Users/agustinprieto/.m2/repository/org/thymeleaf/thymeleaf/3.0.15.RELEASE/thymeleaf-3.0.15.RELEASE.jar:/Users/agustinprieto/.m2/repository/org/attoparser/attoparser/2.0.5.RELEASE/attoparser-2.0.5.RELEASE.jar:/Users/agustinprieto/.m2/repository/org/unbescape/unbescape/1.1.6.RELEASE/unbescape-1.1.6.RELEASE.jar:/Users/agustinprieto/.m2/repository/org/thymeleaf/extras/thymeleaf-extras-java8time/3.0.4.RELEASE/thymeleaf-extras-java8time-3.0.4.RELEASE.jar:/Users/agustinprieto/.m2/repository/org/springframework/boot/spring-boot-starter-web/2.7.3/spring-boot-starter-web-2.7.3.jar:/Users/agustinprieto/.m2/repository/org/springframework/boot/spring-boot-starter-json/2.7.3/spring-boot-starter-json-2.7.3.jar:/Users/agustinprieto/.m2/repository/com/fasterxml/jackson/datatype/jackson-datatype-jdk8/2.13.3/jackson-datatype-jdk8-2.13.3.jar:/Users/agustinprieto/.m2/repository/com/fasterxml/jackson/module/jackson-module-parameter-names/2.13.3/jackson-module-parameter-names-2.13.3.jar:/Users/agustinprieto/.m2/repository/org/springframework/spring-web/5.3.22/spring-web-5.3.22.jar:/Users/agustinprieto/.m2/repository/org/springframework/boot/spring-boot-starter-test/2.7.3/spring-boot-starter-test-2.7.3.jar:/Users/agustinprieto/.m2/repository/org/springframework/boot/spring-boot-test-autoconfigure/2.7.3/spring-boot-test-autoconfigure-2.7.3.jar:/Users/agustinprieto/.m2/repository/com/jayway/jsonpath/json-path/2.7.0/json-path-2.7.0.jar:/Users/agustinprieto/.m2/repository/net/minidev/json-smart/2.4.8/json-smart-2.4.8.jar:/Users/agustinprieto/.m2/repository/net/minidev/accessors-smart/2.4.8/accessors-smart-2.4.8.jar:/Users/agustinprieto/.m2/repository/org/ow2/asm/asm/9.1/asm-9.1.jar:/Users/agustinprieto/.m2/repository/org/assertj/assertj-core/3.22.0/assertj-core-3.22.0.jar:/Users/agustinprieto/.m2/repository/org/hamcrest/hamcrest/2.2/hamcrest-2.2.jar:/Users/agustinprieto/.m2/repository/org/junit/jupiter/junit-jupiter/5.8.2/junit-jupiter-5.8.2.jar:/Users/agustinprieto/.m2/repository/org/junit/jupiter/junit-jupiter-api/5.8.2/junit-jupiter-api-5.8.2.jar:/Users/agustinprieto/.m2/repository/org/opentest4j/opentest4j/1.2.0/opentest4j-1.2.0.jar:/Users/agustinprieto/.m2/repository/org/junit/platform/junit-platform-commons/1.8.2/junit-platform-commons-1.8.2.jar:/Users/agustinprieto/.m2/repository/org/junit/jupiter/junit-jupiter-params/5.8.2/junit-jupiter-params-5.8.2.jar:/Users/agustinprieto/.m2/repository/org/junit/jupiter/junit-jupiter-engine/5.8.2/junit-jupiter-engine-5.8.2.jar:/Users/agustinprieto/.m2/repository/org/mockito/mockito-core/4.5.1/mockito-core-4.5.1.jar:/Users/agustinprieto/.m2/repository/net/bytebuddy/byte-buddy-agent/1.12.13/byte-buddy-agent-1.12.13.jar:/Users/agustinprieto/.m2/repository/org/objenesis/objenesis/3.2/objenesis-3.2.jar:/Users/agustinprieto/.m2/repository/org/mockito/mockito-junit-jupiter/4.5.1/mockito-junit-jupiter-4.5.1.jar:/Users/agustinprieto/.m2/repository/org/skyscreamer/jsonassert/1.5.1/jsonassert-1.5.1.jar:/Users/agustinprieto/.m2/repository/org/springframework/spring-test/5.3.22/spring-test-5.3.22.jar:/Users/agustinprieto/.m2/repository/org/xmlunit/xmlunit-core/2.9.0/xmlunit-core-2.9.0.jar:/Users/agustinprieto/.m2/repository/org/springframework/boot/spring-boot-test/2.7.3/spring-boot-test-2.7.3.jar:/Users/agustinprieto/.m2/repository/org/springframework/boot/spring-boot/2.7.3/spring-boot-2.7.3.jar:/Users/agustinprieto/.m2/repository/org/springframework/security/spring-security-test/5.7.3/spring-security-test-5.7.3.jar:/Users/agustinprieto/.m2/repository/org/springframework/security/spring-security-core/5.7.3/spring-security-core-5.7.3.jar:/Users/agustinprieto/.m2/repository/org/springframework/security/spring-security-crypto/5.7.3/spring-security-crypto-5.7.3.jar:/Users/agustinprieto/.m2/repository/com/tngtech/archunit/archunit-junit5-api/0.22.0/archunit-junit5-api-0.22.0.jar:/Users/agustinprieto/.m2/repository/com/tngtech/archunit/archunit/0.22.0/archunit-0.22.0.jar:/Users/agustinprieto/.m2/repository/com/tngtech/archunit/archunit-junit5-engine/0.22.0/archunit-junit5-engine-0.22.0.jar:/Users/agustinprieto/.m2/repository/com/tngtech/archunit/archunit-junit5-engine-api/0.22.0/archunit-junit5-engine-api-0.22.0.jar:/Users/agustinprieto/.m2/repository/org/junit/platform/junit-platform-engine/1.8.2/junit-platform-engine-1.8.2.jar:/Users/agustinprieto/.m2/repository/org/zalando/problem-spring-web/0.27.0/problem-spring-web-0.27.0.jar:/Users/agustinprieto/.m2/repository/org/zalando/problem-violations/0.27.0/problem-violations-0.27.0.jar:/Users/agustinprieto/.m2/repository/org/zalando/problem-spring-common/0.27.0/problem-spring-common-0.27.0.jar:/Users/agustinprieto/.m2/repository/org/apiguardian/apiguardian-api/1.1.2/apiguardian-api-1.1.2.jar:/Users/agustinprieto/.m2/repository/com/google/code/findbugs/jsr305/3.0.2/jsr305-3.0.2.jar:/Users/agustinprieto/.m2/repository/org/zalando/problem/0.26.0/problem-0.26.0.jar:/Users/agustinprieto/.m2/repository/org/zalando/jackson-datatype-problem/0.26.0/jackson-datatype-problem-0.26.0.jar:/Users/agustinprieto/.m2/repository/org/zalando/faux-pas/0.9.0/faux-pas-0.9.0.jar:/Users/agustinprieto/.m2/repository/javax/validation/validation-api/2.0.1.Final/validation-api-2.0.1.Final.jar:/Users/agustinprieto/.m2/repository/org/springframework/boot/spring-boot-starter-undertow/2.7.3/spring-boot-starter-undertow-2.7.3.jar:/Users/agustinprieto/.m2/repository/io/undertow/undertow-core/2.2.19.Final/undertow-core-2.2.19.Final.jar:/Users/agustinprieto/.m2/repository/org/jboss/xnio/xnio-api/3.8.7.Final/xnio-api-3.8.7.Final.jar:/Users/agustinprieto/.m2/repository/org/wildfly/common/wildfly-common/1.5.4.Final/wildfly-common-1.5.4.Final.jar:/Users/agustinprieto/.m2/repository/org/wildfly/client/wildfly-client-config/1.0.1.Final/wildfly-client-config-1.0.1.Final.jar:/Users/agustinprieto/.m2/repository/org/jboss/xnio/xnio-nio/3.8.7.Final/xnio-nio-3.8.7.Final.jar:/Users/agustinprieto/.m2/repository/org/jboss/threads/jboss-threads/3.1.0.Final/jboss-threads-3.1.0.Final.jar:/Users/agustinprieto/.m2/repository/io/undertow/undertow-servlet/2.2.19.Final/undertow-servlet-2.2.19.Final.jar:/Users/agustinprieto/.m2/repository/io/undertow/undertow-websockets-jsr/2.2.19.Final/undertow-websockets-jsr-2.2.19.Final.jar:/Users/agustinprieto/.m2/repository/jakarta/servlet/jakarta.servlet-api/4.0.4/jakarta.servlet-api-4.0.4.jar:/Users/agustinprieto/.m2/repository/jakarta/websocket/jakarta.websocket-api/1.1.2/jakarta.websocket-api-1.1.2.jar:/Users/agustinprieto/.m2/repository/org/apache/tomcat/embed/tomcat-embed-el/9.0.65/tomcat-embed-el-9.0.65.jar:/Users/agustinprieto/.m2/repository/io/jsonwebtoken/jjwt-api/0.11.5/jjwt-api-0.11.5.jar:/Users/agustinprieto/.m2/repository/io/jsonwebtoken/jjwt-impl/0.11.5/jjwt-impl-0.11.5.jar:/Users/agustinprieto/.m2/repository/io/jsonwebtoken/jjwt-jackson/0.11.5/jjwt-jackson-0.11.5.jar:/Users/agustinprieto/.m2/repository/org/springframework/security/spring-security-data/5.7.3/spring-security-data-5.7.3.jar:/Users/agustinprieto/.m2/repository/org/springframework/data/spring-data-commons/2.7.2/spring-data-commons-2.7.2.jar:/Users/agustinprieto/.m2/repository/io/micrometer/micrometer-registry-prometheus/1.9.3/micrometer-registry-prometheus-1.9.3.jar:/Users/agustinprieto/.m2/repository/io/prometheus/simpleclient_common/0.15.0/simpleclient_common-0.15.0.jar:/Users/agustinprieto/.m2/repository/io/prometheus/simpleclient/0.15.0/simpleclient-0.15.0.jar:/Users/agustinprieto/.m2/repository/io/prometheus/simpleclient_tracer_otel/0.15.0/simpleclient_tracer_otel-0.15.0.jar:/Users/agustinprieto/.m2/repository/io/prometheus/simpleclient_tracer_common/0.15.0/simpleclient_tracer_common-0.15.0.jar:/Users/agustinprieto/.m2/repository/io/prometheus/simpleclient_tracer_otel_agent/0.15.0/simpleclient_tracer_otel_agent-0.15.0.jar:/Users/agustinprieto/.m2/repository/io/dropwizard/metrics/metrics-core/4.2.11/metrics-core-4.2.11.jar:/Users/agustinprieto/.m2/repository/org/springframework/boot/spring-boot-devtools/2.7.3/spring-boot-devtools-2.7.3.jar:/Users/agustinprieto/.m2/repository/com/h2database/h2/2.1.214/h2-2.1.214.jar:"/>
    <property name="sun.cpu.endian" value="little"/>
    <property name="user.home" value="/Users/agustinprieto"/>
    <property name="user.language" value="en"/>
    <property name="java.specification.vendor" value="Oracle Corporation"/>
    <property name="java.version.date" value="2023-04-18"/>
    <property name="java.home" value="/opt/homebrew/Cellar/openjdk@11/11.0.19/libexec/openjdk.jdk/Contents/Home"/>
    <property name="file.separator" value="/"/>
    <property name="basedir" value="/Users/agustinprieto/Desktop/final-p2"/>
    <property name="java.vm.compressedOopsMode" value="Zero based"/>
    <property name="line.separator" value="&#10;"/>
    <property name="java.specification.name" value="Java Platform API Specification"/>
    <property name="java.vm.specification.vendor" value="Oracle Corporation"/>
    <property name="java.awt.graphicsenv" value="sun.awt.CGraphicsEnvironment"/>
    <property name="surefire.real.class.path" value="/Users/agustinprieto/Desktop/final-p2/target/surefire/surefirebooter-20231211005547991_3.jar"/>
    <property name="sun.management.compiler" value="HotSpot 64-Bit Tiered Compilers"/>
    <property name="ftp.nonProxyHosts" value="local|*.local|169.254/16|*.169.254/16"/>
    <property name="java.runtime.version" value="11.0.19+0"/>
    <property name="user.name" value="agustinprieto"/>
    <property name="path.separator" value=":"/>
    <property name="java.security.egd" value="file:/dev/./urandom"/>
    <property name="os.version" value="13.6"/>
    <property name="java.runtime.name" value="OpenJDK Runtime Environment"/>
    <property name="file.encoding" value="UTF-8"/>
    <property name="java.vm.name" value="OpenJDK 64-Bit Server VM"/>
    <property name="java.vendor.version" value="Homebrew"/>
    <property name="localRepository" value="/Users/agustinprieto/.m2/repository"/>
    <property name="java.vendor.url.bug" value="https://github.com/Homebrew/homebrew-core/issues"/>
    <property name="java.io.tmpdir" value="/var/folders/8d/94js2fdn11z602y_py6hftjr0000gn/T/"/>
    <property name="java.version" value="11.0.19"/>
    <property name="user.dir" value="/Users/agustinprieto/Desktop/final-p2"/>
    <property name="os.arch" value="aarch64"/>
    <property name="java.vm.specification.name" value="Java Virtual Machine Specification"/>
    <property name="java.awt.printerjob" value="sun.lwawt.macosx.CPrinterJob"/>
    <property name="sun.os.patch.level" value="unknown"/>
    <property name="java.library.path" value="/Users/agustinprieto/Library/Java/Extensions:/Library/Java/Extensions:/Network/Library/Java/Extensions:/System/Library/Java/Extensions:/usr/lib/java:."/>
    <property name="java.vm.info" value="mixed mode"/>
    <property name="java.vendor" value="Homebrew"/>
    <property name="java.vm.version" value="11.0.19+0"/>
    <property name="sun.io.unicode.encoding" value="UnicodeBig"/>
    <property name="java.class.version" value="55.0"/>
    <property name="socksNonProxyHosts" value="local|*.local|169.254/16|*.169.254/16"/>
  </properties>
  <testcase name="shouldCorsFilterOnOtherPath" classname="com.mycompany.myapp.config.WebConfigurerTest" time="1.123">
    <system-out><![CDATA[2023-12-11 00:55:48.914 DEBUG   --- [           main] com.tngtech.archunit.ArchConfiguration   : No configuration found in classpath at archunit.properties => Using default configuration
2023-12-11 00:55:49.798 DEBUG   --- [           main] org.jboss.logging                        : Logging Provider: org.jboss.logging.Log4j2LoggerProvider
2023-12-11 00:55:49.981 DEBUG   --- [           main] _.s.web.servlet.HandlerMapping.Mappings  : 
	c.m.m.c.WebConfigurerTestController:
	{GET [/api/test-cors]}: testCorsOnApiPath()
	{GET [/test/test-cors]}: testCorsOnOtherPath()
]]></system-out>
  </testcase>
  <testcase name="shouldCorsFilterOnApiPath" classname="com.mycompany.myapp.config.WebConfigurerTest" time="0.01">
    <system-out><![CDATA[2023-12-11 00:55:50.285 DEBUG   --- [           main] _.s.web.servlet.HandlerMapping.Mappings  : 
	c.m.m.c.WebConfigurerTestController:
	{GET [/api/test-cors]}: testCorsOnApiPath()
	{GET [/test/test-cors]}: testCorsOnOtherPath()
]]></system-out>
  </testcase>
  <testcase name="shouldCorsFilterDeactivatedForNullAllowedOrigins" classname="com.mycompany.myapp.config.WebConfigurerTest" time="0.008">
    <system-out><![CDATA[2023-12-11 00:55:50.296 DEBUG   --- [           main] _.s.web.servlet.HandlerMapping.Mappings  : 
	c.m.m.c.WebConfigurerTestController:
	{GET [/api/test-cors]}: testCorsOnApiPath()
	{GET [/test/test-cors]}: testCorsOnOtherPath()
]]></system-out>
  </testcase>
  <testcase name="shouldCorsFilterDeactivatedForEmptyAllowedOrigins" classname="com.mycompany.myapp.config.WebConfigurerTest" time="0.009">
    <system-out><![CDATA[2023-12-11 00:55:50.304 DEBUG   --- [           main] _.s.web.servlet.HandlerMapping.Mappings  : 
	c.m.m.c.WebConfigurerTestController:
	{GET [/api/test-cors]}: testCorsOnApiPath()
	{GET [/test/test-cors]}: testCorsOnOtherPath()
]]></system-out>
  </testcase>
</testsuite>